{"level":"info","message":"Api is running on Port 4000","service":"api"}
{"level":"error","message":"sssss","service":"api"}
{"level":"info","message":"Api is running on Port 4000","service":"api"}
{"level":"info","message":"Api is running on Port 4000","service":"api"}
{"level":"info","message":"Api is running on Port 4000","service":"api"}
{"level":"info","message":"Api is running on Port 4000","service":"api"}
{"level":"info","message":"Api is running on Port 4000","service":"api"}
{"level":"info","message":"Api is running on Port 4000","service":"api"}
{"level":"info","message":"Api is running on Port 4000","service":"api"}
{"level":"info","message":"Api is running on Port 4000","service":"api"}
{"level":"info","message":"Request Started","path":"/countries","requestId":"4fd84d48-b2ad-41e1-bcf6-48814dfb1315","service":"api"}
{"level":"info","message":"Request Finished","path":"/","requestId":"4fd84d48-b2ad-41e1-bcf6-48814dfb1315","service":"api"}
{"level":"info","message":"Request Started","path":"/countries","requestId":"de53f994-a316-4476-9ff4-919d31db3675","service":"api"}
{"level":"info","message":"Request Finished","path":"/","requestId":"de53f994-a316-4476-9ff4-919d31db3675","service":"api"}
{"level":"info","message":"Request Started","path":"/countries","requestId":"87521d7d-1d53-4e58-9985-a490e13c4219","service":"api"}
{"level":"info","message":"Request Finished","path":"/","requestId":"87521d7d-1d53-4e58-9985-a490e13c4219","service":"api"}
{"level":"info","message":"Request Started","path":"/countries","requestId":"5356dd30-be1a-4965-be01-9cf5232bb3b7","service":"api"}
{"level":"info","message":"Request Finished","path":"/","requestId":"5356dd30-be1a-4965-be01-9cf5232bb3b7","service":"api"}
{"level":"info","message":"Request Started","path":"/countries","requestId":"b64102ab-b176-48cd-99ae-b8be9d90ce7a","service":"api"}
{"level":"info","message":"Request Started","path":"/countries","requestId":"79be8456-ebf2-44e9-93e4-75ed52e81a7a","service":"api"}
{"level":"info","message":"Request Finished","path":"/","requestId":"b64102ab-b176-48cd-99ae-b8be9d90ce7a","service":"api"}
{"level":"info","message":"Request Started","path":"/countries","requestId":"1765a0f0-c355-4635-b90b-25725d996077","service":"api"}
{"level":"info","message":"Request Finished","path":"/","requestId":"79be8456-ebf2-44e9-93e4-75ed52e81a7a","service":"api"}
{"level":"info","message":"Request Finished","path":"/","requestId":"1765a0f0-c355-4635-b90b-25725d996077","service":"api"}
{"level":"info","message":"Request Started","path":"/countries","requestId":"f487e9cc-315e-4736-8b5a-87a00566d3c8","service":"api"}
{"level":"info","message":"Request Finished","path":"/","requestId":"f487e9cc-315e-4736-8b5a-87a00566d3c8","service":"api"}
{"level":"info","message":"Request Started","path":"/countries","requestId":"63608fc9-ed85-4853-bf70-4ceb50a29bf1","service":"api"}
{"level":"info","message":"Request Finished","path":"/","requestId":"63608fc9-ed85-4853-bf70-4ceb50a29bf1","service":"api"}
{"level":"info","message":"Request Started","path":"/countries","requestId":"8518dbca-8d0f-4b91-a6bc-2f09c0f7d2cb","service":"api"}
{"level":"info","message":"Request Finished","path":"/","requestId":"8518dbca-8d0f-4b91-a6bc-2f09c0f7d2cb","service":"api"}
{"level":"info","message":"Request Started","path":"/countries","requestId":"16e7ba44-717a-4ba9-ae59-a3428a9075bf","service":"api"}
{"level":"info","message":"Request Finished","path":"/","requestId":"16e7ba44-717a-4ba9-ae59-a3428a9075bf","service":"api"}
{"level":"info","message":"Request Started","path":"/countries","requestId":"1c8ea789-10a4-4b35-aa94-03cad98867b8","service":"api"}
{"level":"info","message":"Request Finished","path":"/","requestId":"1c8ea789-10a4-4b35-aa94-03cad98867b8","service":"api"}
{"level":"info","message":"Request Started","path":"/countries","requestId":"b5d8f31d-8ed1-42c7-a589-3b5d95f33e6a","service":"api"}
{"level":"info","message":"Request Started","path":"/countries","requestId":"4fe633e2-3cad-4f1e-950f-8b9c90f4a1e9","service":"api"}
{"level":"info","message":"Request Finished","path":"/","requestId":"4fe633e2-3cad-4f1e-950f-8b9c90f4a1e9","service":"api"}
{"level":"info","message":"Request Started","path":"/countries","requestId":"c737a122-47d1-4587-82a9-b99c941b5c22","service":"api"}
{"level":"info","message":"Request Finished","path":"/","requestId":"c737a122-47d1-4587-82a9-b99c941b5c22","service":"api"}
{"level":"info","message":"Request Started","path":"/countries","requestId":"877797dd-53a2-4419-83ad-c5c3d06aaea6","service":"api"}
{"level":"info","message":"Request Finished","path":"/","requestId":"877797dd-53a2-4419-83ad-c5c3d06aaea6","service":"api"}
{"level":"info","message":"Request Started","path":"/auth/login","requestId":"73e63c8d-81de-4c2c-85b8-6869a2b2b948","service":"api"}
{"level":"info","message":"Request Finished","path":"/login","requestId":"73e63c8d-81de-4c2c-85b8-6869a2b2b948","service":"api"}
{"level":"info","message":"Request Started","path":"/auth/login","requestId":"0181be1b-a6b5-43f4-bd62-8522b2b60af7","service":"api"}
{"level":"info","message":"Request Finished","path":"/login","requestId":"0181be1b-a6b5-43f4-bd62-8522b2b60af7","service":"api"}
{"level":"info","message":"Request Started","path":"/countries","requestId":"d2590afa-9c93-45f4-92cc-3a2634157a99","service":"api"}
{"level":"info","message":"Request Finished","path":"/","requestId":"d2590afa-9c93-45f4-92cc-3a2634157a99","service":"api"}
{"level":"info","message":"Request Started","path":"/countries","requestId":"49ccdb66-0c66-48c0-940c-44aaf4b76763","service":"api"}
{"level":"info","message":"Request Finished","path":"/","requestId":"49ccdb66-0c66-48c0-940c-44aaf4b76763","service":"api"}
{"level":"info","message":"Request Started","path":"/auth/login","requestId":"392441fa-8b65-4718-a7fd-633abe6d9704","service":"api"}
{"level":"info","message":"Request Finished","path":"/login","requestId":"392441fa-8b65-4718-a7fd-633abe6d9704","service":"api"}
{"level":"info","message":"Request Started","path":"/countries","requestId":"556aa730-efcc-4159-abf7-cf26f2cb9a8e","service":"api"}
{"level":"info","message":"Request Finished","path":"/","requestId":"556aa730-efcc-4159-abf7-cf26f2cb9a8e","service":"api"}
{"level":"info","message":"Request Started","path":"/countries","requestId":"4fa8a27a-1507-477d-b9f0-ee822ee39b37","service":"api"}
{"level":"info","message":"Request Finished","path":"/","requestId":"4fa8a27a-1507-477d-b9f0-ee822ee39b37","service":"api"}
{"level":"info","message":"Request Started","path":"/countries","requestId":"b57dd32c-5289-4f78-b0dd-2ee6b1f0f7cd","service":"api"}
{"level":"info","message":"Request Finished","path":"/","requestId":"b57dd32c-5289-4f78-b0dd-2ee6b1f0f7cd","service":"api"}
{"level":"info","message":"Request Started","path":"/countries","requestId":"94505420-ba3e-4c2c-9627-e68cc8a78c02","service":"api"}
{"level":"info","message":"Request Finished","path":"/","requestId":"94505420-ba3e-4c2c-9627-e68cc8a78c02","service":"api"}
{"level":"info","message":"Request Started","path":"/auth/login","requestId":"ba2d9bf8-339e-4ddb-a490-4fb9d80e790c","service":"api"}
{"level":"info","message":"Request Finished","path":"/login","requestId":"ba2d9bf8-339e-4ddb-a490-4fb9d80e790c","service":"api"}
{"level":"info","message":"Request Started","path":"/countries","requestId":"b50f3698-31d3-4660-a0c7-4a69b8c8c86b","service":"api"}
{"level":"info","message":"Request Finished","path":"/","requestId":"b50f3698-31d3-4660-a0c7-4a69b8c8c86b","service":"api"}
{"level":"info","message":"Request Started","path":"/auth/login","requestId":"d3deea20-ec15-458d-b7fb-712c722555bb","service":"api"}
{"level":"info","message":"Request Finished","path":"/login","requestId":"d3deea20-ec15-458d-b7fb-712c722555bb","service":"api"}
{"level":"info","message":"Request Started","path":"/countries","requestId":"97fd4e9d-02a0-41c0-bcdc-521f08222241","service":"api"}
{"level":"info","message":"Request Finished","path":"/","requestId":"97fd4e9d-02a0-41c0-bcdc-521f08222241","service":"api"}
{"level":"info","message":"Request Started","path":"/auth/login","requestId":"39ee880a-541f-4e0e-a535-22a4a9450dc9","service":"api"}
{"level":"info","message":"Request Finished","path":"/login","requestId":"39ee880a-541f-4e0e-a535-22a4a9450dc9","service":"api"}
{"level":"info","message":"Request Started","path":"/countries","requestId":"2687bd3f-1c3d-4cee-ad13-a650f36ef4a1","service":"api"}
{"level":"info","message":"Request Finished","path":"/","requestId":"2687bd3f-1c3d-4cee-ad13-a650f36ef4a1","service":"api"}
{"level":"info","message":"Api is running on Port 4000","service":"api"}
{"level":"info","message":"Request Started","path":"/auth/login","requestId":"1b0d0f6a-15e6-41a1-a732-5ce05b461af2","service":"api"}
{"level":"info","message":"Request Finished","path":"/login","requestId":"1b0d0f6a-15e6-41a1-a732-5ce05b461af2","service":"api"}
{"level":"info","message":"Request Started","path":"/countries","requestId":"7efcd909-307c-405f-bd1c-0e8b1914ec34","service":"api"}
{"level":"info","message":"Request Finished","path":"/","requestId":"7efcd909-307c-405f-bd1c-0e8b1914ec34","service":"api"}
{"level":"info","message":"Request Started","path":"/countries","requestId":"ef167441-6cd2-417f-af87-48b6a058c9d3","service":"api"}
{"level":"error","message":"jwt expired","service":"api"}
{"level":"info","message":"Request Finished","path":"/countries","requestId":"ef167441-6cd2-417f-af87-48b6a058c9d3","service":"api"}
{"level":"info","message":"Api is running on Port 4000","service":"api"}
{"level":"info","message":"Request Started","path":"/auth/login","requestId":"b779e792-f3ab-4d12-ac87-74cfab3ee8b2","service":"api"}
{"level":"error","message":"User is not authorized","service":"api"}
{"level":"info","message":"Request Finished","path":"/login","requestId":"b779e792-f3ab-4d12-ac87-74cfab3ee8b2","service":"api"}
{"level":"info","message":"Request Started","path":"/auth/login","requestId":"fa6df0a9-9b49-4725-b8f3-deb596f4c456","service":"api"}
{"level":"error","message":"User is not authorized","service":"api"}
{"level":"info","message":"Request Finished","path":"/login","requestId":"fa6df0a9-9b49-4725-b8f3-deb596f4c456","service":"api"}
{"level":"info","message":"Request Started","path":"/auth/login","requestId":"fc007227-9283-4f4b-9555-825bc603179d","service":"api"}
{"level":"error","message":"User is not authorized","service":"api"}
{"level":"info","message":"Request Finished","path":"/login","requestId":"fc007227-9283-4f4b-9555-825bc603179d","service":"api"}
{"level":"info","message":"Request Started","path":"/auth/login","requestId":"3896c4e6-d6dd-4ada-bfdd-cd82dd6421ec","service":"api"}
{"level":"error","message":"User is not authorized","service":"api"}
{"level":"info","message":"Request Finished","path":"/login","requestId":"3896c4e6-d6dd-4ada-bfdd-cd82dd6421ec","service":"api"}
{"level":"info","message":"Request Started","path":"/auth/login","requestId":"936e762b-9a5a-4b8c-b512-2e461ee16df3","service":"api"}
{"level":"error","message":"User is not authorized","service":"api"}
{"level":"info","message":"Request Finished","path":"/login","requestId":"936e762b-9a5a-4b8c-b512-2e461ee16df3","service":"api"}
{"level":"info","message":"Request Started","path":"/auth/sign-up","requestId":"526de24d-4043-4d2a-acae-9c537b2937e7","service":"api"}
{"level":"info","message":"Request Finished","path":"/sign-up","requestId":"526de24d-4043-4d2a-acae-9c537b2937e7","service":"api"}
{"level":"info","message":"Request Started","path":"/auth/login","requestId":"26e81819-33d1-498c-9774-1f43f92d409f","service":"api"}
{"level":"info","message":"Request Finished","path":"/login","requestId":"26e81819-33d1-498c-9774-1f43f92d409f","service":"api"}
{"level":"info","message":"Request Started","path":"/countries","requestId":"905597ac-bcfd-41cc-9adb-3a4439116ebd","service":"api"}
{"level":"info","message":"Request Finished","path":"/","requestId":"905597ac-bcfd-41cc-9adb-3a4439116ebd","service":"api"}
{"level":"info","message":"Request Started","path":"/auth/login","requestId":"a2b7d581-4e2e-4bff-85eb-0bf9fac482c7","service":"api"}
{"level":"info","message":"Request Finished","path":"/login","requestId":"a2b7d581-4e2e-4bff-85eb-0bf9fac482c7","service":"api"}
{"level":"info","message":"Request Started","path":"/countries","requestId":"7e767195-27e6-4514-b12c-6f2afa5f2d32","service":"api"}
{"level":"info","message":"Request Finished","path":"/","requestId":"7e767195-27e6-4514-b12c-6f2afa5f2d32","service":"api"}
{"level":"info","message":"Request Started","path":"/auth/login","requestId":"87e93418-5c75-4d11-b520-2ca2d292dcf0","service":"api"}
{"level":"info","message":"Request Finished","path":"/login","requestId":"87e93418-5c75-4d11-b520-2ca2d292dcf0","service":"api"}
{"level":"info","message":"Request Started","path":"/countries","requestId":"83c17203-3424-4ad4-bdd8-56722932c864","service":"api"}
{"level":"info","message":"Request Finished","path":"/","requestId":"83c17203-3424-4ad4-bdd8-56722932c864","service":"api"}
{"level":"info","message":"Request Started","path":"/auth/login","requestId":"f9580b0a-54af-41ae-9e47-d7a10d0dde61","service":"api"}
{"level":"error","message":"User is not authorized","service":"api"}
{"level":"info","message":"Request Finished","path":"/login","requestId":"f9580b0a-54af-41ae-9e47-d7a10d0dde61","service":"api"}
{"level":"info","message":"Request Started","path":"/auth/login","requestId":"22f23df3-3b74-439d-8dbc-59cd622a3b7a","service":"api"}
{"level":"error","message":"User is not authorized","service":"api"}
{"level":"info","message":"Request Finished","path":"/login","requestId":"22f23df3-3b74-439d-8dbc-59cd622a3b7a","service":"api"}
{"level":"info","message":"Request Started","path":"/auth/login","requestId":"adfb1bdf-a24b-49f3-b4c4-0ff60662432d","service":"api"}
{"level":"error","message":"User is not authorized","service":"api"}
{"level":"info","message":"Request Finished","path":"/login","requestId":"adfb1bdf-a24b-49f3-b4c4-0ff60662432d","service":"api"}
{"level":"info","message":"Request Started","path":"/auth/login","requestId":"e24ea5f4-2cec-40bc-af89-06d4d1165c1a","service":"api"}
{"level":"error","message":"User is not authorized","service":"api"}
{"level":"info","message":"Request Finished","path":"/login","requestId":"e24ea5f4-2cec-40bc-af89-06d4d1165c1a","service":"api"}
{"level":"info","message":"Request Started","path":"/auth/login","requestId":"e338ea57-6ec5-426d-b499-1c57d885f386","service":"api"}
{"level":"error","message":"User is not authorized","service":"api"}
{"level":"info","message":"Request Finished","path":"/login","requestId":"e338ea57-6ec5-426d-b499-1c57d885f386","service":"api"}
{"level":"info","message":"Request Started","path":"/auth/login","requestId":"7b6f2ae4-3047-434e-a3af-c3a0d8662fa2","service":"api"}
{"level":"error","message":"User is not authorized","service":"api"}
{"level":"info","message":"Request Finished","path":"/login","requestId":"7b6f2ae4-3047-434e-a3af-c3a0d8662fa2","service":"api"}
{"level":"info","message":"Request Started","path":"/auth/login","requestId":"684255df-9c5a-4d88-96f5-b8908f0a5aab","service":"api"}
{"level":"error","message":"User is not authorized","service":"api"}
{"level":"info","message":"Request Finished","path":"/login","requestId":"684255df-9c5a-4d88-96f5-b8908f0a5aab","service":"api"}
{"level":"info","message":"Request Started","path":"/auth/login","requestId":"29b53bef-d9a3-4eec-bbb8-b21ebc68d7fd","service":"api"}
{"level":"error","message":"User is not authorized","service":"api"}
{"level":"info","message":"Request Finished","path":"/login","requestId":"29b53bef-d9a3-4eec-bbb8-b21ebc68d7fd","service":"api"}
{"level":"info","message":"Request Started","path":"/auth/login","requestId":"3ea14e79-c248-4dfe-b013-6147d80629bd","service":"api"}
{"level":"error","message":"User is not authorized","service":"api"}
{"level":"info","message":"Request Finished","path":"/login","requestId":"3ea14e79-c248-4dfe-b013-6147d80629bd","service":"api"}
{"level":"info","message":"Request Started","path":"/auth/login","requestId":"8a6e52ba-1b61-44e5-8381-35290395293c","service":"api"}
{"level":"error","message":"User is not authorized","service":"api"}
{"level":"info","message":"Request Finished","path":"/login","requestId":"8a6e52ba-1b61-44e5-8381-35290395293c","service":"api"}
{"level":"info","message":"Request Started","path":"/auth/login","requestId":"1577e33f-70b7-4a39-86be-7746215b0256","service":"api"}
{"level":"error","message":"User is not authorized","service":"api"}
{"level":"info","message":"Request Finished","path":"/login","requestId":"1577e33f-70b7-4a39-86be-7746215b0256","service":"api"}
{"level":"info","message":"Request Started","path":"/auth/login","requestId":"9400ad66-a602-4074-b79a-547b84538dbb","service":"api"}
{"level":"error","message":"User is not authorized","service":"api"}
{"level":"info","message":"Request Finished","path":"/login","requestId":"9400ad66-a602-4074-b79a-547b84538dbb","service":"api"}
{"level":"info","message":"Request Started","path":"/auth/login","requestId":"85461358-61cb-49c0-906e-f5498a49f1b4","service":"api"}
{"level":"error","message":"User is not authorized","service":"api"}
{"level":"info","message":"Request Finished","path":"/login","requestId":"85461358-61cb-49c0-906e-f5498a49f1b4","service":"api"}
{"level":"info","message":"Api is running on Port 4000","service":"api"}
{"level":"info","message":"Request Started","path":"/health-check","requestId":"b11f13d7-cb6f-4670-8079-479b81fbc993","service":"api"}
{"level":"info","message":"Request Finished","path":"/health-check","requestId":"b11f13d7-cb6f-4670-8079-479b81fbc993","service":"api"}
{"level":"info","message":"Request Started","path":"/favicon.ico","requestId":"599ae5c6-372b-4b03-ba8a-09b3e32fd3f2","service":"api"}
{"level":"error","message":"jwt must be provided","service":"api"}
{"level":"info","message":"Request Finished","path":"/favicon.ico","requestId":"599ae5c6-372b-4b03-ba8a-09b3e32fd3f2","service":"api"}
{"level":"info","message":"Request Started","path":"/health-check","requestId":"71ed145b-3d86-4bdc-a7fb-d9f66b00caa4","service":"api"}
{"level":"info","message":"Request Finished","path":"/health-check","requestId":"71ed145b-3d86-4bdc-a7fb-d9f66b00caa4","service":"api"}
{"level":"info","message":"Request Started","path":"/favicon.ico","requestId":"5b8cac15-8a7c-4679-b5e9-6fa1f8a4b22b","service":"api"}
{"level":"error","message":"jwt must be provided","service":"api"}
{"level":"info","message":"Request Finished","path":"/favicon.ico","requestId":"5b8cac15-8a7c-4679-b5e9-6fa1f8a4b22b","service":"api"}
{"level":"info","message":"Request Started","path":"/health-check","requestId":"ab5b1943-7a03-4c58-ae75-ca3c1f1eb4ae","service":"api"}
{"level":"info","message":"Request Finished","path":"/health-check","requestId":"ab5b1943-7a03-4c58-ae75-ca3c1f1eb4ae","service":"api"}
{"level":"info","message":"Request Started","path":"/favicon.ico","requestId":"41787828-43eb-4dd2-bb98-32295eed56c3","service":"api"}
{"level":"error","message":"jwt must be provided","service":"api"}
{"level":"info","message":"Request Finished","path":"/favicon.ico","requestId":"41787828-43eb-4dd2-bb98-32295eed56c3","service":"api"}
{"level":"info","message":"Request Started","path":"/health-check","requestId":"6abe9c8b-75d2-414a-a1de-b881586b3a8a","service":"api"}
{"level":"info","message":"Request Finished","path":"/health-check","requestId":"6abe9c8b-75d2-414a-a1de-b881586b3a8a","service":"api"}
{"level":"info","message":"Request Started","path":"/favicon.ico","requestId":"abe55600-0bfa-4f4a-a1cb-d6cfcbd8537d","service":"api"}
{"level":"error","message":"jwt must be provided","service":"api"}
{"level":"info","message":"Request Finished","path":"/favicon.ico","requestId":"abe55600-0bfa-4f4a-a1cb-d6cfcbd8537d","service":"api"}
{"level":"info","message":"Api is running on Port 4000","service":"api"}
{"level":"info","message":"Api is running on Port 4000","service":"api"}
{"level":"info","message":"Api is running on Port 4000","service":"api"}
{"level":"info","message":"Api is running on Port 4000","service":"api"}
{"level":"info","message":"Api is running on Port 4000","service":"api"}
{"level":"info","message":"Request Started","path":"/customers","requestId":"cd92d644-4361-42df-a2fb-97e641bb4e9f","service":"api"}
{"level":"info","message":"Request Finished","path":"/customers","requestId":"cd92d644-4361-42df-a2fb-97e641bb4e9f","service":"api"}
{"level":"info","message":"Api is running on Port 4000","service":"api"}
{"level":"info","message":"Api is running on Port 4000","service":"api"}
{"level":"info","message":"Api is running on Port 4000","service":"api"}
{"level":"info","message":"Request Started","path":"/customers","requestId":"e43ec91c-5d7a-4ed2-bf82-09cfcc2d43a6","service":"api"}
{"level":"info","message":"Request Finished","path":"/customers","requestId":"e43ec91c-5d7a-4ed2-bf82-09cfcc2d43a6","service":"api"}
{"level":"info","message":"Request Started","path":"/favicon.ico","requestId":"9020454d-3f58-48e4-91e0-de1fc1e66426","service":"api"}
{"level":"info","message":"Api is running on Port 4000","service":"api"}
{"level":"info","message":"Api is running on Port 4000","service":"api"}
{"level":"info","message":"Request Started","path":"/customers","requestId":"5407a0f1-c09b-41f1-9975-87b34db3d029","service":"api"}
{"level":"info","message":"Request Finished","path":"/customers","requestId":"5407a0f1-c09b-41f1-9975-87b34db3d029","service":"api"}
{"level":"info","message":"Api is running on Port 4000","service":"api"}
{"level":"info","message":"Api is running on Port 4000","service":"api"}
{"level":"info","message":"Request Started","path":"/customers","requestId":"34634842-cb18-49f3-ad38-a1f23f131d55","service":"api"}
{"level":"info","message":"Request Finished","path":"/customers","requestId":"34634842-cb18-49f3-ad38-a1f23f131d55","service":"api"}
{"level":"info","message":"Request Started","path":"/favicon.ico","requestId":"4c8bd86e-a23d-4144-b0b9-b0f9dacc4ee2","service":"api"}
{"level":"error","message":"jwt must be provided","service":"api"}
{"level":"info","message":"Request Finished","path":"/favicon.ico","requestId":"4c8bd86e-a23d-4144-b0b9-b0f9dacc4ee2","service":"api"}
{"level":"info","message":"Api is running on Port 4000","service":"api"}
{"level":"info","message":"Request Started","path":"/customers","requestId":"fc8256d4-8757-4e59-8909-506b1c6c4729","service":"api"}
{"level":"info","message":"Request Finished","path":"/customers","requestId":"fc8256d4-8757-4e59-8909-506b1c6c4729","service":"api"}
{"level":"info","message":"Request Started","path":"/customers","requestId":"c19c9ead-7419-475a-b9af-6ebafe33186c","service":"api"}
{"level":"info","message":"Request Finished","path":"/customers","requestId":"c19c9ead-7419-475a-b9af-6ebafe33186c","service":"api"}
{"level":"info","message":"Request Started","path":"/customers","requestId":"b2547368-bb6c-4a05-9901-080a749b6899","service":"api"}
{"level":"info","message":"Request Finished","path":"/customers","requestId":"b2547368-bb6c-4a05-9901-080a749b6899","service":"api"}
{"level":"info","message":"Request Started","path":"/customers","requestId":"f8eca421-e6b6-481b-a5c3-361b7c749a94","service":"api"}
{"level":"info","message":"Request Finished","path":"/customers","requestId":"f8eca421-e6b6-481b-a5c3-361b7c749a94","service":"api"}
{"level":"info","message":"Api is running on Port 4000","service":"api"}
{"level":"info","message":"Api is running on Port 4000","service":"api"}
{"level":"info","message":"Api is running on Port 4000","service":"api"}
{"level":"info","message":"Request Started","path":"/customers","requestId":"953e899d-84de-4200-923b-148f582a6903","service":"api"}
{"level":"info","message":"Request Finished","path":"/customers","requestId":"953e899d-84de-4200-923b-148f582a6903","service":"api"}
{"level":"info","message":"Request Started","path":"/favicon.ico","requestId":"110708fc-36c2-4583-839e-5195c0d03db4","service":"api"}
{"level":"error","message":"jwt must be provided","service":"api"}
{"level":"info","message":"Request Finished","path":"/favicon.ico","requestId":"110708fc-36c2-4583-839e-5195c0d03db4","service":"api"}
{"level":"info","message":"Api is running on Port 4000","service":"api"}
{"level":"info","message":"Api is running on Port 4000","service":"api"}
{"level":"info","message":"Api is running on Port 4000","service":"api"}
{"level":"info","message":"Api is running on Port 4000","service":"api"}
{"level":"info","message":"Api is running on Port 4000","service":"api"}
